<?xml version="1.0" encoding="UTF-8"?>
<!-- Generated by org.testng.reporters.JUnitReportReporter -->
<testsuite hostname="LAPTOP-G8IRSE0F" failures="0" tests="1" name="TestCases.Login" time="14.280" errors="0" timestamp="2021-07-12T23:09:00 IST" skipped="0">
  <testcase classname="TestCases.Login" name="startApp" time="14.280"/>
  <system-out/>
</testsuite> <!-- TestCases.Login -->
