<?xml version="1.0" encoding="UTF-8"?>
<!-- Generated by org.testng.reporters.JUnitReportReporter -->
<testsuite hostname="LAPTOP-G8IRSE0F" failures="0" tests="1" name="TestCases.WandLogin" time="11.834" errors="0" timestamp="2021-07-18T19:46:24 IST" skipped="0">
  <testcase classname="TestCases.WandLogin" name="StartApp" time="11.834"/>
  <system-out/>
</testsuite> <!-- TestCases.WandLogin -->
